[INFO] Step 1: Initialized model with 10 donors and 10 recipients
[INFO] Step 1: Initialized model with 10 donors and 10 recipients
[INFO] Step 1: Initialized model with 10 donors and 10 recipients
[INFO] Step 1: Initialized model with 10 donors and 5 recipients
[INFO] calling model.step for timestep 1 
[INFO] calling model.step for timestep 2 
[INFO] calling model.step for timestep 3 
[INFO] calling model.step for timestep 4 
[INFO] calling model.step for timestep 5 
[INFO] calling model.step for timestep 6 
[INFO] calling model.step for timestep 7 
[INFO] calling model.step for timestep 8 
[INFO] calling model.step for timestep 9 
[INFO] calling model.step for timestep 10 
[INFO] calling model.step for timestep 11 
[INFO] calling model.step for timestep 12 
[INFO] calling model.step for timestep 13 
[INFO] calling model.step for timestep 14 
[INFO] calling model.step for timestep 15 
[INFO] calling model.step for timestep 16 
[INFO] calling model.step for timestep 17 
[INFO] calling model.step for timestep 18 
[INFO] calling model.step for timestep 19 
[INFO] calling model.step for timestep 20 
[INFO] calling model.step for timestep 21 
[INFO] calling model.step for timestep 22 
[INFO] calling model.step for timestep 23 
[INFO] calling model.step for timestep 24 
[INFO] calling model.step for timestep 25 
[INFO] calling model.step for timestep 26 
[INFO] calling model.step for timestep 27 
[INFO] calling model.step for timestep 28 
[INFO] calling model.step for timestep 29 
[INFO] calling model.step for timestep 30 
[INFO] calling model.step for timestep 31 
[INFO] calling model.step for timestep 32 
[INFO] calling model.step for timestep 33 
[INFO] calling model.step for timestep 34 
[INFO] calling model.step for timestep 35 
[INFO] calling model.step for timestep 36 
[INFO] calling model.step for timestep 37 
[INFO] calling model.step for timestep 38 
[INFO] calling model.step for timestep 39 
[INFO] calling model.step for timestep 40 
[INFO] calling model.step for timestep 41 
[INFO] calling model.step for timestep 42 
[INFO] calling model.step for timestep 43 
[INFO] calling model.step for timestep 44 
[INFO] calling model.step for timestep 45 
[INFO] calling model.step for timestep 46 
[INFO] calling model.step for timestep 47 
[INFO] calling model.step for timestep 48 
[INFO] calling model.step for timestep 49 
[INFO] calling model.step for timestep 50 
[INFO] Step 50: Optimization complete. N/A deliveries dispatched
[INFO] calling model.step for timestep 51 
[INFO] calling model.step for timestep 52 
[INFO] calling model.step for timestep 53 
[INFO] calling model.step for timestep 54 
[INFO] calling model.step for timestep 55 
[INFO] calling model.step for timestep 56 
[INFO] calling model.step for timestep 57 
[INFO] calling model.step for timestep 58 
[INFO] calling model.step for timestep 59 
[INFO] calling model.step for timestep 60 
[INFO] calling model.step for timestep 61 
[INFO] calling model.step for timestep 62 
[INFO] calling model.step for timestep 63 
[INFO] calling model.step for timestep 64 
[INFO] calling model.step for timestep 65 
[INFO] calling model.step for timestep 66 
[INFO] calling model.step for timestep 67 
[INFO] calling model.step for timestep 68 
[INFO] calling model.step for timestep 69 
[INFO] calling model.step for timestep 70 
[INFO] calling model.step for timestep 71 
[INFO] calling model.step for timestep 72 
[INFO] calling model.step for timestep 73 
[INFO] calling model.step for timestep 74 
[INFO] calling model.step for timestep 75 
[INFO] calling model.step for timestep 76 
[INFO] calling model.step for timestep 77 
[INFO] calling model.step for timestep 78 
[INFO] calling model.step for timestep 79 
[INFO] calling model.step for timestep 80 
[INFO] calling model.step for timestep 81 
[INFO] calling model.step for timestep 82 
[INFO] calling model.step for timestep 83 
[INFO] calling model.step for timestep 84 
[INFO] calling model.step for timestep 85 
[INFO] calling model.step for timestep 86 
[INFO] calling model.step for timestep 87 
[INFO] calling model.step for timestep 88 
[INFO] calling model.step for timestep 89 
[INFO] calling model.step for timestep 90 
[INFO] calling model.step for timestep 91 
[INFO] calling model.step for timestep 92 
[INFO] calling model.step for timestep 93 
[INFO] calling model.step for timestep 94 
[INFO] calling model.step for timestep 95 
[INFO] calling model.step for timestep 96 
[INFO] calling model.step for timestep 97 
[INFO] calling model.step for timestep 98 
[INFO] calling model.step for timestep 99 
[INFO] calling model.step for timestep 100 
[INFO] Step 100: Simulation ended. Log saved to logs\run-2025-04-24.log
[INFO] Step 1: Initialized model with 10 donors and 5 recipients
[INFO] Step 1: Initialized model with 10 donors and 5 recipients
[INFO] Step 1: Initialized model with 10 donors and 5 recipients
[INFO] Step 1: Initialized model with 10 donors and 5 recipients
[INFO] calling model.step for timestep 1 
[INFO] calling model.step for timestep 2 
[INFO] calling model.step for timestep 3 
[INFO] calling model.step for timestep 4 
[INFO] calling model.step for timestep 5 
[INFO] calling model.step for timestep 6 
[INFO] calling model.step for timestep 7 
[INFO] calling model.step for timestep 8 
[INFO] calling model.step for timestep 9 
[INFO] calling model.step for timestep 10 
[INFO] calling model.step for timestep 11 
[INFO] calling model.step for timestep 12 
[INFO] calling model.step for timestep 13 
[INFO] calling model.step for timestep 14 
[INFO] calling model.step for timestep 15 
[INFO] calling model.step for timestep 16 
[INFO] calling model.step for timestep 17 
[INFO] calling model.step for timestep 18 
[INFO] calling model.step for timestep 19 
[INFO] calling model.step for timestep 20 
[INFO] calling model.step for timestep 21 
[INFO] calling model.step for timestep 22 
[INFO] calling model.step for timestep 23 
[INFO] calling model.step for timestep 24 
[INFO] calling model.step for timestep 25 
[INFO] calling model.step for timestep 26 
[INFO] calling model.step for timestep 27 
[INFO] calling model.step for timestep 28 
[INFO] calling model.step for timestep 29 
[INFO] calling model.step for timestep 30 
[INFO] calling model.step for timestep 31 
[INFO] calling model.step for timestep 32 
[INFO] calling model.step for timestep 33 
[INFO] calling model.step for timestep 34 
[INFO] calling model.step for timestep 35 
[INFO] calling model.step for timestep 36 
[INFO] calling model.step for timestep 37 
[INFO] calling model.step for timestep 38 
[INFO] calling model.step for timestep 39 
[INFO] calling model.step for timestep 40 
[INFO] calling model.step for timestep 41 
[INFO] calling model.step for timestep 42 
[INFO] calling model.step for timestep 43 
[INFO] calling model.step for timestep 44 
[INFO] calling model.step for timestep 45 
[INFO] calling model.step for timestep 46 
[INFO] calling model.step for timestep 47 
[INFO] calling model.step for timestep 48 
[INFO] calling model.step for timestep 49 
[INFO] calling model.step for timestep 50 
[INFO] Step 50: Optimization complete. 14 deliveries dispatched
[INFO] calling model.step for timestep 51 
[INFO] calling model.step for timestep 52 
[INFO] calling model.step for timestep 53 
[INFO] calling model.step for timestep 54 
[INFO] calling model.step for timestep 55 
[INFO] calling model.step for timestep 56 
[INFO] calling model.step for timestep 57 
[INFO] calling model.step for timestep 58 
[INFO] calling model.step for timestep 59 
[INFO] calling model.step for timestep 60 
[INFO] calling model.step for timestep 61 
[INFO] calling model.step for timestep 62 
[INFO] calling model.step for timestep 63 
[INFO] calling model.step for timestep 64 
[INFO] calling model.step for timestep 65 
[INFO] calling model.step for timestep 66 
[INFO] calling model.step for timestep 67 
[INFO] calling model.step for timestep 68 
[INFO] calling model.step for timestep 69 
[INFO] calling model.step for timestep 70 
[INFO] calling model.step for timestep 71 
[INFO] calling model.step for timestep 72 
[INFO] calling model.step for timestep 73 
[INFO] calling model.step for timestep 74 
[INFO] calling model.step for timestep 75 
[INFO] calling model.step for timestep 76 
[INFO] calling model.step for timestep 77 
[INFO] calling model.step for timestep 78 
[INFO] calling model.step for timestep 79 
[INFO] calling model.step for timestep 80 
[INFO] calling model.step for timestep 81 
[INFO] calling model.step for timestep 82 
[INFO] calling model.step for timestep 83 
[INFO] calling model.step for timestep 84 
[INFO] calling model.step for timestep 85 
[INFO] calling model.step for timestep 86 
[INFO] calling model.step for timestep 87 
[INFO] calling model.step for timestep 88 
[INFO] calling model.step for timestep 89 
[INFO] calling model.step for timestep 90 
[INFO] calling model.step for timestep 91 
[INFO] calling model.step for timestep 92 
[INFO] calling model.step for timestep 93 
[INFO] calling model.step for timestep 94 
[INFO] calling model.step for timestep 95 
[INFO] calling model.step for timestep 96 
[INFO] calling model.step for timestep 97 
[INFO] calling model.step for timestep 98 
[INFO] calling model.step for timestep 99 
[INFO] calling model.step for timestep 100 
[INFO] Step 100: Simulation ended. Log saved to logs\run-2025-04-24.log
[INFO] Step 1: Initialized model with 10 donors and 5 recipients
[INFO] calling model.step for timestep 1 
[INFO] calling model.step for timestep 2 
[INFO] calling model.step for timestep 3 
[INFO] calling model.step for timestep 4 
[INFO] calling model.step for timestep 5 
[INFO] calling model.step for timestep 6 
[INFO] calling model.step for timestep 7 
[INFO] calling model.step for timestep 8 
[INFO] calling model.step for timestep 9 
[INFO] calling model.step for timestep 10 
[INFO] calling model.step for timestep 11 
[INFO] calling model.step for timestep 12 
[INFO] calling model.step for timestep 13 
[INFO] calling model.step for timestep 14 
[INFO] calling model.step for timestep 15 
[INFO] calling model.step for timestep 16 
[INFO] calling model.step for timestep 17 
[INFO] calling model.step for timestep 18 
[INFO] calling model.step for timestep 19 
[INFO] calling model.step for timestep 20 
[INFO] calling model.step for timestep 21 
[INFO] calling model.step for timestep 22 
[INFO] calling model.step for timestep 23 
[INFO] calling model.step for timestep 24 
[INFO] calling model.step for timestep 25 
[INFO] calling model.step for timestep 26 
[INFO] calling model.step for timestep 27 
[INFO] calling model.step for timestep 28 
[INFO] calling model.step for timestep 29 
[INFO] calling model.step for timestep 30 
[INFO] calling model.step for timestep 31 
[INFO] calling model.step for timestep 32 
[INFO] calling model.step for timestep 33 
[INFO] calling model.step for timestep 34 
[INFO] calling model.step for timestep 35 
[INFO] calling model.step for timestep 36 
[INFO] calling model.step for timestep 37 
[INFO] calling model.step for timestep 38 
[INFO] calling model.step for timestep 39 
[INFO] calling model.step for timestep 40 
[INFO] calling model.step for timestep 41 
[INFO] calling model.step for timestep 42 
[INFO] calling model.step for timestep 43 
[INFO] calling model.step for timestep 44 
[INFO] calling model.step for timestep 45 
[INFO] calling model.step for timestep 46 
[INFO] calling model.step for timestep 47 
[INFO] calling model.step for timestep 48 
[INFO] calling model.step for timestep 49 
[INFO] calling model.step for timestep 50 
[INFO] Step 50: Optimization complete. 18 deliveries dispatched
[INFO] calling model.step for timestep 51 
[INFO] calling model.step for timestep 52 
[INFO] calling model.step for timestep 53 
[INFO] calling model.step for timestep 54 
[INFO] calling model.step for timestep 55 
[INFO] calling model.step for timestep 56 
[INFO] calling model.step for timestep 57 
[INFO] calling model.step for timestep 58 
[INFO] calling model.step for timestep 59 
[INFO] calling model.step for timestep 60 
[INFO] calling model.step for timestep 61 
[INFO] calling model.step for timestep 62 
[INFO] calling model.step for timestep 63 
[INFO] calling model.step for timestep 64 
[INFO] calling model.step for timestep 65 
[INFO] calling model.step for timestep 66 
[INFO] calling model.step for timestep 67 
[INFO] calling model.step for timestep 68 
[INFO] calling model.step for timestep 69 
[INFO] calling model.step for timestep 70 
[INFO] calling model.step for timestep 71 
[INFO] calling model.step for timestep 72 
[INFO] calling model.step for timestep 73 
[INFO] calling model.step for timestep 74 
[INFO] calling model.step for timestep 75 
[INFO] calling model.step for timestep 76 
[INFO] calling model.step for timestep 77 
[INFO] calling model.step for timestep 78 
[INFO] calling model.step for timestep 79 
[INFO] calling model.step for timestep 80 
[INFO] calling model.step for timestep 81 
[INFO] calling model.step for timestep 82 
[INFO] calling model.step for timestep 83 
[INFO] calling model.step for timestep 84 
[INFO] calling model.step for timestep 85 
[INFO] calling model.step for timestep 86 
[INFO] calling model.step for timestep 87 
[INFO] calling model.step for timestep 88 
[INFO] calling model.step for timestep 89 
[INFO] calling model.step for timestep 90 
[INFO] calling model.step for timestep 91 
[INFO] calling model.step for timestep 92 
[INFO] calling model.step for timestep 93 
[INFO] calling model.step for timestep 94 
[INFO] calling model.step for timestep 95 
[INFO] calling model.step for timestep 96 
[INFO] calling model.step for timestep 97 
[INFO] calling model.step for timestep 98 
[INFO] calling model.step for timestep 99 
[INFO] calling model.step for timestep 100 
[INFO] Step 100: Simulation ended. Log saved to logs\run-2025-04-24.log
[INFO] Step 1: Initialized model with 20 donors and 10 recipients
[INFO] calling model.step for timestep 1 
[INFO] calling model.step for timestep 2 
[INFO] calling model.step for timestep 3 
[INFO] calling model.step for timestep 4 
[INFO] calling model.step for timestep 5 
[INFO] calling model.step for timestep 6 
[INFO] calling model.step for timestep 7 
[INFO] calling model.step for timestep 8 
[INFO] calling model.step for timestep 9 
[INFO] calling model.step for timestep 10 
[INFO] calling model.step for timestep 11 
[INFO] calling model.step for timestep 12 
[INFO] calling model.step for timestep 13 
[INFO] calling model.step for timestep 14 
[INFO] calling model.step for timestep 15 
[INFO] calling model.step for timestep 16 
[INFO] calling model.step for timestep 17 
[INFO] calling model.step for timestep 18 
[INFO] calling model.step for timestep 19 
[INFO] calling model.step for timestep 20 
[INFO] calling model.step for timestep 21 
[INFO] calling model.step for timestep 22 
[INFO] calling model.step for timestep 23 
[INFO] calling model.step for timestep 24 
[INFO] calling model.step for timestep 25 
[INFO] calling model.step for timestep 26 
[INFO] calling model.step for timestep 27 
[INFO] calling model.step for timestep 28 
[INFO] calling model.step for timestep 29 
[INFO] calling model.step for timestep 30 
[INFO] calling model.step for timestep 31 
[INFO] calling model.step for timestep 32 
[INFO] calling model.step for timestep 33 
[INFO] calling model.step for timestep 34 
[INFO] calling model.step for timestep 35 
[INFO] calling model.step for timestep 36 
[INFO] calling model.step for timestep 37 
[INFO] calling model.step for timestep 38 
[INFO] calling model.step for timestep 39 
[INFO] calling model.step for timestep 40 
[INFO] calling model.step for timestep 41 
[INFO] calling model.step for timestep 42 
[INFO] calling model.step for timestep 43 
[INFO] calling model.step for timestep 44 
[INFO] calling model.step for timestep 45 
[INFO] calling model.step for timestep 46 
[INFO] calling model.step for timestep 47 
[INFO] calling model.step for timestep 48 
[INFO] calling model.step for timestep 49 
[INFO] calling model.step for timestep 50 
[INFO] calling model.step for timestep 51 
[INFO] calling model.step for timestep 52 
[INFO] calling model.step for timestep 53 
[INFO] calling model.step for timestep 54 
[INFO] calling model.step for timestep 55 
[INFO] calling model.step for timestep 56 
[INFO] calling model.step for timestep 57 
[INFO] calling model.step for timestep 58 
[INFO] calling model.step for timestep 59 
[INFO] calling model.step for timestep 60 
[INFO] calling model.step for timestep 61 
[INFO] calling model.step for timestep 62 
[INFO] calling model.step for timestep 63 
[INFO] calling model.step for timestep 64 
[INFO] calling model.step for timestep 65 
[INFO] calling model.step for timestep 66 
[INFO] calling model.step for timestep 67 
[INFO] calling model.step for timestep 68 
[INFO] calling model.step for timestep 69 
[INFO] calling model.step for timestep 70 
[INFO] calling model.step for timestep 71 
[INFO] calling model.step for timestep 72 
[INFO] calling model.step for timestep 73 
[INFO] calling model.step for timestep 74 
[INFO] calling model.step for timestep 75 
[INFO] calling model.step for timestep 76 
[INFO] calling model.step for timestep 77 
[INFO] calling model.step for timestep 78 
[INFO] calling model.step for timestep 79 
[INFO] calling model.step for timestep 80 
[INFO] calling model.step for timestep 81 
[INFO] calling model.step for timestep 82 
[INFO] calling model.step for timestep 83 
[INFO] calling model.step for timestep 84 
[INFO] calling model.step for timestep 85 
[INFO] calling model.step for timestep 86 
[INFO] calling model.step for timestep 87 
[INFO] calling model.step for timestep 88 
[INFO] calling model.step for timestep 89 
[INFO] calling model.step for timestep 90 
[INFO] calling model.step for timestep 91 
[INFO] calling model.step for timestep 92 
[INFO] calling model.step for timestep 93 
[INFO] calling model.step for timestep 94 
[INFO] calling model.step for timestep 95 
[INFO] calling model.step for timestep 96 
[INFO] calling model.step for timestep 97 
[INFO] calling model.step for timestep 98 
[INFO] calling model.step for timestep 99 
[INFO] calling model.step for timestep 100 
[INFO] calling model.step for timestep 101 
[INFO] calling model.step for timestep 102 
[INFO] calling model.step for timestep 103 
[INFO] calling model.step for timestep 104 
[INFO] calling model.step for timestep 105 
[INFO] calling model.step for timestep 106 
[INFO] calling model.step for timestep 107 
[INFO] calling model.step for timestep 108 
[INFO] calling model.step for timestep 109 
[INFO] calling model.step for timestep 110 
[INFO] calling model.step for timestep 111 
[INFO] calling model.step for timestep 112 
[INFO] calling model.step for timestep 113 
[INFO] calling model.step for timestep 114 
[INFO] calling model.step for timestep 115 
[INFO] calling model.step for timestep 116 
[INFO] calling model.step for timestep 117 
[INFO] calling model.step for timestep 118 
[INFO] calling model.step for timestep 119 
[INFO] calling model.step for timestep 120 
[INFO] calling model.step for timestep 121 
[INFO] calling model.step for timestep 122 
[INFO] calling model.step for timestep 123 
[INFO] calling model.step for timestep 124 
[INFO] calling model.step for timestep 125 
[INFO] calling model.step for timestep 126 
[INFO] calling model.step for timestep 127 
[INFO] calling model.step for timestep 128 
[INFO] calling model.step for timestep 129 
[INFO] calling model.step for timestep 130 
[INFO] calling model.step for timestep 131 
[INFO] calling model.step for timestep 132 
[INFO] calling model.step for timestep 133 
[INFO] calling model.step for timestep 134 
[INFO] calling model.step for timestep 135 
[INFO] calling model.step for timestep 136 
[INFO] calling model.step for timestep 137 
[INFO] calling model.step for timestep 138 
[INFO] calling model.step for timestep 139 
[INFO] calling model.step for timestep 140 
[INFO] calling model.step for timestep 141 
[INFO] calling model.step for timestep 142 
[INFO] calling model.step for timestep 143 
[INFO] calling model.step for timestep 144 
[INFO] calling model.step for timestep 145 
[INFO] calling model.step for timestep 146 
[INFO] calling model.step for timestep 147 
[INFO] calling model.step for timestep 148 
[INFO] calling model.step for timestep 149 
[INFO] calling model.step for timestep 150 
[INFO] calling model.step for timestep 151 
[INFO] calling model.step for timestep 152 
[INFO] calling model.step for timestep 153 
[INFO] calling model.step for timestep 154 
[INFO] calling model.step for timestep 155 
[INFO] calling model.step for timestep 156 
[INFO] calling model.step for timestep 157 
[INFO] calling model.step for timestep 158 
[INFO] calling model.step for timestep 159 
[INFO] calling model.step for timestep 160 
[INFO] calling model.step for timestep 161 
[INFO] calling model.step for timestep 162 
[INFO] calling model.step for timestep 163 
[INFO] calling model.step for timestep 164 
[INFO] calling model.step for timestep 165 
[INFO] calling model.step for timestep 166 
[INFO] calling model.step for timestep 167 
[INFO] calling model.step for timestep 168 
[INFO] calling model.step for timestep 169 
[INFO] calling model.step for timestep 170 
[INFO] calling model.step for timestep 171 
[INFO] calling model.step for timestep 172 
[INFO] calling model.step for timestep 173 
[INFO] calling model.step for timestep 174 
[INFO] calling model.step for timestep 175 
[INFO] calling model.step for timestep 176 
[INFO] calling model.step for timestep 177 
[INFO] calling model.step for timestep 178 
[INFO] calling model.step for timestep 179 
[INFO] calling model.step for timestep 180 
[INFO] calling model.step for timestep 181 
[INFO] calling model.step for timestep 182 
[INFO] calling model.step for timestep 183 
[INFO] calling model.step for timestep 184 
[INFO] calling model.step for timestep 185 
[INFO] calling model.step for timestep 186 
[INFO] calling model.step for timestep 187 
[INFO] calling model.step for timestep 188 
[INFO] calling model.step for timestep 189 
[INFO] calling model.step for timestep 190 
[INFO] calling model.step for timestep 191 
[INFO] calling model.step for timestep 192 
[INFO] calling model.step for timestep 193 
[INFO] calling model.step for timestep 194 
[INFO] calling model.step for timestep 195 
[INFO] calling model.step for timestep 196 
[INFO] calling model.step for timestep 197 
[INFO] calling model.step for timestep 198 
[INFO] calling model.step for timestep 199 
[INFO] calling model.step for timestep 200 
[INFO] calling model.step for timestep 201 
[INFO] calling model.step for timestep 202 
[INFO] calling model.step for timestep 203 
[INFO] calling model.step for timestep 204 
[INFO] calling model.step for timestep 205 
[INFO] calling model.step for timestep 206 
[INFO] calling model.step for timestep 207 
[INFO] calling model.step for timestep 208 
[INFO] calling model.step for timestep 209 
[INFO] calling model.step for timestep 210 
[INFO] calling model.step for timestep 211 
[INFO] calling model.step for timestep 212 
[INFO] calling model.step for timestep 213 
[INFO] calling model.step for timestep 214 
[INFO] calling model.step for timestep 215 
[INFO] calling model.step for timestep 216 
[INFO] calling model.step for timestep 217 
[INFO] calling model.step for timestep 218 
[INFO] calling model.step for timestep 219 
[INFO] calling model.step for timestep 220 
[INFO] calling model.step for timestep 221 
[INFO] calling model.step for timestep 222 
[INFO] calling model.step for timestep 223 
[INFO] calling model.step for timestep 224 
[INFO] calling model.step for timestep 225 
[INFO] calling model.step for timestep 226 
[INFO] calling model.step for timestep 227 
[INFO] calling model.step for timestep 228 
[INFO] calling model.step for timestep 229 
[INFO] calling model.step for timestep 230 
[INFO] calling model.step for timestep 231 
[INFO] calling model.step for timestep 232 
[INFO] calling model.step for timestep 233 
[INFO] calling model.step for timestep 234 
[INFO] calling model.step for timestep 235 
[INFO] calling model.step for timestep 236 
[INFO] calling model.step for timestep 237 
[INFO] calling model.step for timestep 238 
[INFO] calling model.step for timestep 239 
[INFO] calling model.step for timestep 240 
[INFO] calling model.step for timestep 241 
[INFO] calling model.step for timestep 242 
[INFO] calling model.step for timestep 243 
[INFO] calling model.step for timestep 244 
[INFO] calling model.step for timestep 245 
[INFO] calling model.step for timestep 246 
[INFO] calling model.step for timestep 247 
[INFO] calling model.step for timestep 248 
[INFO] calling model.step for timestep 249 
[INFO] calling model.step for timestep 250 
[INFO] Step 250: Optimization complete. 25 deliveries dispatched
[INFO] calling model.step for timestep 251 
[INFO] calling model.step for timestep 252 
[INFO] calling model.step for timestep 253 
[INFO] calling model.step for timestep 254 
[INFO] calling model.step for timestep 255 
[INFO] calling model.step for timestep 256 
[INFO] calling model.step for timestep 257 
[INFO] calling model.step for timestep 258 
[INFO] calling model.step for timestep 259 
[INFO] calling model.step for timestep 260 
[INFO] calling model.step for timestep 261 
[INFO] calling model.step for timestep 262 
[INFO] calling model.step for timestep 263 
[INFO] calling model.step for timestep 264 
[INFO] calling model.step for timestep 265 
[INFO] calling model.step for timestep 266 
[INFO] calling model.step for timestep 267 
[INFO] calling model.step for timestep 268 
[INFO] calling model.step for timestep 269 
[INFO] calling model.step for timestep 270 
[INFO] calling model.step for timestep 271 
[INFO] calling model.step for timestep 272 
[INFO] calling model.step for timestep 273 
[INFO] calling model.step for timestep 274 
[INFO] calling model.step for timestep 275 
[INFO] calling model.step for timestep 276 
[INFO] calling model.step for timestep 277 
[INFO] calling model.step for timestep 278 
[INFO] calling model.step for timestep 279 
[INFO] calling model.step for timestep 280 
[INFO] calling model.step for timestep 281 
[INFO] calling model.step for timestep 282 
[INFO] calling model.step for timestep 283 
[INFO] calling model.step for timestep 284 
[INFO] calling model.step for timestep 285 
[INFO] calling model.step for timestep 286 
[INFO] calling model.step for timestep 287 
[INFO] calling model.step for timestep 288 
[INFO] calling model.step for timestep 289 
[INFO] calling model.step for timestep 290 
[INFO] calling model.step for timestep 291 
[INFO] calling model.step for timestep 292 
[INFO] calling model.step for timestep 293 
[INFO] calling model.step for timestep 294 
[INFO] calling model.step for timestep 295 
[INFO] calling model.step for timestep 296 
[INFO] calling model.step for timestep 297 
[INFO] calling model.step for timestep 298 
[INFO] calling model.step for timestep 299 
[INFO] calling model.step for timestep 300 
[INFO] calling model.step for timestep 301 
[INFO] calling model.step for timestep 302 
[INFO] calling model.step for timestep 303 
[INFO] calling model.step for timestep 304 
[INFO] calling model.step for timestep 305 
[INFO] calling model.step for timestep 306 
[INFO] calling model.step for timestep 307 
[INFO] calling model.step for timestep 308 
[INFO] calling model.step for timestep 309 
[INFO] calling model.step for timestep 310 
[INFO] calling model.step for timestep 311 
[INFO] calling model.step for timestep 312 
[INFO] calling model.step for timestep 313 
[INFO] calling model.step for timestep 314 
[INFO] calling model.step for timestep 315 
[INFO] calling model.step for timestep 316 
[INFO] calling model.step for timestep 317 
[INFO] calling model.step for timestep 318 
[INFO] calling model.step for timestep 319 
[INFO] calling model.step for timestep 320 
[INFO] calling model.step for timestep 321 
[INFO] calling model.step for timestep 322 
[INFO] calling model.step for timestep 323 
[INFO] calling model.step for timestep 324 
[INFO] calling model.step for timestep 325 
[INFO] calling model.step for timestep 326 
[INFO] calling model.step for timestep 327 
[INFO] calling model.step for timestep 328 
[INFO] calling model.step for timestep 329 
[INFO] calling model.step for timestep 330 
[INFO] calling model.step for timestep 331 
[INFO] calling model.step for timestep 332 
[INFO] calling model.step for timestep 333 
[INFO] calling model.step for timestep 334 
[INFO] calling model.step for timestep 335 
[INFO] calling model.step for timestep 336 
[INFO] calling model.step for timestep 337 
[INFO] calling model.step for timestep 338 
[INFO] calling model.step for timestep 339 
[INFO] calling model.step for timestep 340 
[INFO] calling model.step for timestep 341 
[INFO] calling model.step for timestep 342 
[INFO] calling model.step for timestep 343 
[INFO] calling model.step for timestep 344 
[INFO] calling model.step for timestep 345 
[INFO] calling model.step for timestep 346 
[INFO] calling model.step for timestep 347 
[INFO] calling model.step for timestep 348 
[INFO] calling model.step for timestep 349 
[INFO] calling model.step for timestep 350 
[INFO] calling model.step for timestep 351 
[INFO] calling model.step for timestep 352 
[INFO] calling model.step for timestep 353 
[INFO] calling model.step for timestep 354 
[INFO] calling model.step for timestep 355 
[INFO] calling model.step for timestep 356 
[INFO] calling model.step for timestep 357 
[INFO] calling model.step for timestep 358 
[INFO] calling model.step for timestep 359 
[INFO] calling model.step for timestep 360 
[INFO] calling model.step for timestep 361 
[INFO] calling model.step for timestep 362 
[INFO] calling model.step for timestep 363 
[INFO] calling model.step for timestep 364 
[INFO] calling model.step for timestep 365 
[INFO] calling model.step for timestep 366 
[INFO] calling model.step for timestep 367 
[INFO] calling model.step for timestep 368 
[INFO] calling model.step for timestep 369 
[INFO] calling model.step for timestep 370 
[INFO] calling model.step for timestep 371 
[INFO] calling model.step for timestep 372 
[INFO] calling model.step for timestep 373 
[INFO] calling model.step for timestep 374 
[INFO] calling model.step for timestep 375 
[INFO] calling model.step for timestep 376 
[INFO] calling model.step for timestep 377 
[INFO] calling model.step for timestep 378 
[INFO] calling model.step for timestep 379 
[INFO] calling model.step for timestep 380 
[INFO] calling model.step for timestep 381 
[INFO] calling model.step for timestep 382 
[INFO] calling model.step for timestep 383 
[INFO] calling model.step for timestep 384 
[INFO] calling model.step for timestep 385 
[INFO] calling model.step for timestep 386 
[INFO] calling model.step for timestep 387 
[INFO] calling model.step for timestep 388 
[INFO] calling model.step for timestep 389 
[INFO] calling model.step for timestep 390 
[INFO] calling model.step for timestep 391 
[INFO] calling model.step for timestep 392 
[INFO] calling model.step for timestep 393 
[INFO] calling model.step for timestep 394 
[INFO] calling model.step for timestep 395 
[INFO] calling model.step for timestep 396 
[INFO] calling model.step for timestep 397 
[INFO] calling model.step for timestep 398 
[INFO] calling model.step for timestep 399 
[INFO] calling model.step for timestep 400 
[INFO] calling model.step for timestep 401 
[INFO] calling model.step for timestep 402 
[INFO] calling model.step for timestep 403 
[INFO] calling model.step for timestep 404 
[INFO] calling model.step for timestep 405 
[INFO] calling model.step for timestep 406 
[INFO] calling model.step for timestep 407 
[INFO] calling model.step for timestep 408 
[INFO] calling model.step for timestep 409 
[INFO] calling model.step for timestep 410 
[INFO] calling model.step for timestep 411 
[INFO] calling model.step for timestep 412 
[INFO] calling model.step for timestep 413 
[INFO] calling model.step for timestep 414 
[INFO] calling model.step for timestep 415 
[INFO] calling model.step for timestep 416 
[INFO] calling model.step for timestep 417 
[INFO] calling model.step for timestep 418 
[INFO] calling model.step for timestep 419 
[INFO] calling model.step for timestep 420 
[INFO] calling model.step for timestep 421 
[INFO] calling model.step for timestep 422 
[INFO] calling model.step for timestep 423 
[INFO] calling model.step for timestep 424 
[INFO] calling model.step for timestep 425 
[INFO] calling model.step for timestep 426 
[INFO] calling model.step for timestep 427 
[INFO] calling model.step for timestep 428 
[INFO] calling model.step for timestep 429 
[INFO] calling model.step for timestep 430 
[INFO] calling model.step for timestep 431 
[INFO] calling model.step for timestep 432 
[INFO] calling model.step for timestep 433 
[INFO] calling model.step for timestep 434 
[INFO] calling model.step for timestep 435 
[INFO] calling model.step for timestep 436 
[INFO] calling model.step for timestep 437 
[INFO] calling model.step for timestep 438 
[INFO] calling model.step for timestep 439 
[INFO] calling model.step for timestep 440 
[INFO] calling model.step for timestep 441 
[INFO] calling model.step for timestep 442 
[INFO] calling model.step for timestep 443 
[INFO] calling model.step for timestep 444 
[INFO] calling model.step for timestep 445 
[INFO] calling model.step for timestep 446 
[INFO] calling model.step for timestep 447 
[INFO] calling model.step for timestep 448 
[INFO] calling model.step for timestep 449 
[INFO] calling model.step for timestep 450 
[INFO] calling model.step for timestep 451 
[INFO] calling model.step for timestep 452 
[INFO] calling model.step for timestep 453 
[INFO] calling model.step for timestep 454 
[INFO] calling model.step for timestep 455 
[INFO] calling model.step for timestep 456 
[INFO] calling model.step for timestep 457 
[INFO] calling model.step for timestep 458 
[INFO] calling model.step for timestep 459 
[INFO] calling model.step for timestep 460 
[INFO] calling model.step for timestep 461 
[INFO] calling model.step for timestep 462 
[INFO] calling model.step for timestep 463 
[INFO] calling model.step for timestep 464 
[INFO] calling model.step for timestep 465 
[INFO] calling model.step for timestep 466 
[INFO] calling model.step for timestep 467 
[INFO] calling model.step for timestep 468 
[INFO] calling model.step for timestep 469 
[INFO] calling model.step for timestep 470 
[INFO] calling model.step for timestep 471 
[INFO] calling model.step for timestep 472 
[INFO] calling model.step for timestep 473 
[INFO] calling model.step for timestep 474 
[INFO] calling model.step for timestep 475 
[INFO] calling model.step for timestep 476 
[INFO] calling model.step for timestep 477 
[INFO] calling model.step for timestep 478 
[INFO] calling model.step for timestep 479 
[INFO] calling model.step for timestep 480 
[INFO] calling model.step for timestep 481 
[INFO] calling model.step for timestep 482 
[INFO] calling model.step for timestep 483 
[INFO] calling model.step for timestep 484 
[INFO] calling model.step for timestep 485 
[INFO] calling model.step for timestep 486 
[INFO] calling model.step for timestep 487 
[INFO] calling model.step for timestep 488 
[INFO] calling model.step for timestep 489 
[INFO] calling model.step for timestep 490 
[INFO] calling model.step for timestep 491 
[INFO] calling model.step for timestep 492 
[INFO] calling model.step for timestep 493 
[INFO] calling model.step for timestep 494 
[INFO] calling model.step for timestep 495 
[INFO] calling model.step for timestep 496 
[INFO] calling model.step for timestep 497 
[INFO] calling model.step for timestep 498 
[INFO] calling model.step for timestep 499 
[INFO] calling model.step for timestep 500 
[INFO] Step 500: Simulation ended. Log saved to logs\run-2025-04-24.log
